<?xml version="1.0" encoding="UTF-8"?>
<testsuite xmlns:xsi="http://www.w3.org/2001/XMLSchema-instance" xsi:noNamespaceSchemaLocation="https://maven.apache.org/surefire/maven-surefire-plugin/xsd/surefire-test-report-3.0.xsd" version="3.0" name="Runners.TestRunner" time="232.626" tests="4" errors="0" skipped="0" failures="0">
  <properties>
    <property name="java.specification.version" value="21"/>
    <property name="sun.cpu.isalist" value="amd64"/>
    <property name="sun.jnu.encoding" value="Cp1252"/>
    <property name="java.class.path" value="C:\Users\satinder\eclipse-workspace\TVSRacingdemo\target\test-classes;C:\Users\satinder\eclipse-workspace\TVSRacingdemo\target\classes;C:\Users\satinder\.m2\repository\io\cucumber\cucumber-java\7.17.0\cucumber-java-7.17.0.jar;C:\Users\satinder\.m2\repository\io\cucumber\cucumber-core\7.17.0\cucumber-core-7.17.0.jar;C:\Users\satinder\.m2\repository\io\cucumber\cucumber-gherkin\7.17.0\cucumber-gherkin-7.17.0.jar;C:\Users\satinder\.m2\repository\io\cucumber\cucumber-gherkin-messages\7.17.0\cucumber-gherkin-messages-7.17.0.jar;C:\Users\satinder\.m2\repository\io\cucumber\gherkin\28.0.0\gherkin-28.0.0.jar;C:\Users\satinder\.m2\repository\io\cucumber\messages\24.1.0\messages-24.1.0.jar;C:\Users\satinder\.m2\repository\io\cucumber\testng-xml-formatter\0.1.0\testng-xml-formatter-0.1.0.jar;C:\Users\satinder\.m2\repository\io\cucumber\query\12.1.2\query-12.1.2.jar;C:\Users\satinder\.m2\repository\io\cucumber\tag-expressions\6.1.0\tag-expressions-6.1.0.jar;C:\Users\satinder\.m2\repository\io\cucumber\cucumber-expressions\17.1.0\cucumber-expressions-17.1.0.jar;C:\Users\satinder\.m2\repository\io\cucumber\datatable\7.17.0\datatable-7.17.0.jar;C:\Users\satinder\.m2\repository\io\cucumber\cucumber-plugin\7.17.0\cucumber-plugin-7.17.0.jar;C:\Users\satinder\.m2\repository\io\cucumber\docstring\7.17.0\docstring-7.17.0.jar;C:\Users\satinder\.m2\repository\io\cucumber\html-formatter\21.3.1\html-formatter-21.3.1.jar;C:\Users\satinder\.m2\repository\io\cucumber\junit-xml-formatter\0.4.0\junit-xml-formatter-0.4.0.jar;C:\Users\satinder\.m2\repository\io\cucumber\ci-environment\10.0.1\ci-environment-10.0.1.jar;C:\Users\satinder\.m2\repository\org\apiguardian\apiguardian-api\1.1.2\apiguardian-api-1.1.2.jar;C:\Users\satinder\.m2\repository\org\junit\jupiter\junit-jupiter-api\5.10.1\junit-jupiter-api-5.10.1.jar;C:\Users\satinder\.m2\repository\org\opentest4j\opentest4j\1.3.0\opentest4j-1.3.0.jar;C:\Users\satinder\.m2\repository\org\junit\platform\junit-platform-commons\1.10.1\junit-platform-commons-1.10.1.jar;C:\Users\satinder\.m2\repository\org\slf4j\log4j-over-slf4j\2.0.13\log4j-over-slf4j-2.0.13.jar;C:\Users\satinder\.m2\repository\org\slf4j\slf4j-api\2.0.13\slf4j-api-2.0.13.jar;C:\Users\satinder\.m2\repository\io\cucumber\cucumber-junit\7.17.0\cucumber-junit-7.17.0.jar;C:\Users\satinder\.m2\repository\junit\junit\4.13.2\junit-4.13.2.jar;C:\Users\satinder\.m2\repository\org\hamcrest\hamcrest-core\1.3\hamcrest-core-1.3.jar;C:\Users\satinder\.m2\repository\org\seleniumhq\selenium\selenium-java\3.141.59\selenium-java-3.141.59.jar;C:\Users\satinder\.m2\repository\org\seleniumhq\selenium\selenium-api\3.141.59\selenium-api-3.141.59.jar;C:\Users\satinder\.m2\repository\org\seleniumhq\selenium\selenium-chrome-driver\3.141.59\selenium-chrome-driver-3.141.59.jar;C:\Users\satinder\.m2\repository\org\seleniumhq\selenium\selenium-edge-driver\3.141.59\selenium-edge-driver-3.141.59.jar;C:\Users\satinder\.m2\repository\org\seleniumhq\selenium\selenium-firefox-driver\3.141.59\selenium-firefox-driver-3.141.59.jar;C:\Users\satinder\.m2\repository\org\seleniumhq\selenium\selenium-ie-driver\3.141.59\selenium-ie-driver-3.141.59.jar;C:\Users\satinder\.m2\repository\org\seleniumhq\selenium\selenium-opera-driver\3.141.59\selenium-opera-driver-3.141.59.jar;C:\Users\satinder\.m2\repository\org\seleniumhq\selenium\selenium-remote-driver\3.141.59\selenium-remote-driver-3.141.59.jar;C:\Users\satinder\.m2\repository\org\seleniumhq\selenium\selenium-safari-driver\3.141.59\selenium-safari-driver-3.141.59.jar;C:\Users\satinder\.m2\repository\org\seleniumhq\selenium\selenium-support\3.141.59\selenium-support-3.141.59.jar;C:\Users\satinder\.m2\repository\net\bytebuddy\byte-buddy\1.8.15\byte-buddy-1.8.15.jar;C:\Users\satinder\.m2\repository\org\apache\commons\commons-exec\1.3\commons-exec-1.3.jar;C:\Users\satinder\.m2\repository\com\google\guava\guava\25.0-jre\guava-25.0-jre.jar;C:\Users\satinder\.m2\repository\com\google\code\findbugs\jsr305\1.3.9\jsr305-1.3.9.jar;C:\Users\satinder\.m2\repository\org\checkerframework\checker-compat-qual\2.0.0\checker-compat-qual-2.0.0.jar;C:\Users\satinder\.m2\repository\com\google\errorprone\error_prone_annotations\2.1.3\error_prone_annotations-2.1.3.jar;C:\Users\satinder\.m2\repository\com\google\j2objc\j2objc-annotations\1.1\j2objc-annotations-1.1.jar;C:\Users\satinder\.m2\repository\org\codehaus\mojo\animal-sniffer-annotations\1.14\animal-sniffer-annotations-1.14.jar;C:\Users\satinder\.m2\repository\com\squareup\okhttp3\okhttp\3.11.0\okhttp-3.11.0.jar;C:\Users\satinder\.m2\repository\com\squareup\okio\okio\1.14.0\okio-1.14.0.jar;C:\Users\satinder\.m2\repository\net\masterthought\cucumber-reporting\5.8.0\cucumber-reporting-5.8.0.jar;C:\Users\satinder\.m2\repository\com\fasterxml\jackson\core\jackson-databind\2.16.1\jackson-databind-2.16.1.jar;C:\Users\satinder\.m2\repository\com\fasterxml\jackson\core\jackson-annotations\2.16.1\jackson-annotations-2.16.1.jar;C:\Users\satinder\.m2\repository\com\fasterxml\jackson\core\jackson-core\2.16.1\jackson-core-2.16.1.jar;C:\Users\satinder\.m2\repository\com\fasterxml\jackson\datatype\jackson-datatype-jsr310\2.16.1\jackson-datatype-jsr310-2.16.1.jar;C:\Users\satinder\.m2\repository\org\apache\velocity\velocity-engine-core\2.3\velocity-engine-core-2.3.jar;C:\Users\satinder\.m2\repository\joda-time\joda-time\2.12.6\joda-time-2.12.6.jar;C:\Users\satinder\.m2\repository\org\apache\commons\commons-configuration2\2.9.0\commons-configuration2-2.9.0.jar;C:\Users\satinder\.m2\repository\org\apache\commons\commons-lang3\3.14.0\commons-lang3-3.14.0.jar;C:\Users\satinder\.m2\repository\commons-io\commons-io\2.15.1\commons-io-2.15.1.jar;C:\Users\satinder\.m2\repository\org\apache\commons\commons-text\1.11.0\commons-text-1.11.0.jar;C:\Users\satinder\.m2\repository\org\jsoup\jsoup\1.17.2\jsoup-1.17.2.jar;C:\Users\satinder\.m2\repository\com\googlecode\owasp-java-html-sanitizer\owasp-java-html-sanitizer\20220608.1\owasp-java-html-sanitizer-20220608.1.jar;C:\Users\satinder\.m2\repository\org\slf4j\jcl-over-slf4j\2.0.11\jcl-over-slf4j-2.0.11.jar;C:\Users\satinder\.m2\repository\io\qameta\allure\allure-testng\2.17.3\allure-testng-2.17.3.jar;C:\Users\satinder\.m2\repository\io\qameta\allure\allure-java-commons\2.17.3\allure-java-commons-2.17.3.jar;C:\Users\satinder\.m2\repository\io\qameta\allure\allure-model\2.17.3\allure-model-2.17.3.jar;C:\Users\satinder\.m2\repository\org\testng\testng\6.14.3\testng-6.14.3.jar;C:\Users\satinder\.m2\repository\com\beust\jcommander\1.72\jcommander-1.72.jar;C:\Users\satinder\.m2\repository\org\apache-extras\beanshell\bsh\2.0b6\bsh-2.0b6.jar;C:\Users\satinder\.m2\repository\io\qameta\allure\allure-test-filter\2.17.3\allure-test-filter-2.17.3.jar;C:\Users\satinder\.m2\repository\org\apache\maven\plugins\maven-surefire-plugin\3.2.5\maven-surefire-plugin-3.2.5.jar;C:\Users\satinder\.m2\repository\org\apache\maven\surefire\maven-surefire-common\3.2.5\maven-surefire-common-3.2.5.jar;C:\Users\satinder\.m2\repository\org\apache\maven\surefire\surefire-api\3.2.5\surefire-api-3.2.5.jar;C:\Users\satinder\.m2\repository\org\apache\maven\surefire\surefire-logger-api\3.2.5\surefire-logger-api-3.2.5.jar;C:\Users\satinder\.m2\repository\org\apache\maven\surefire\surefire-extensions-api\3.2.5\surefire-extensions-api-3.2.5.jar;C:\Users\satinder\.m2\repository\org\apache\maven\surefire\surefire-booter\3.2.5\surefire-booter-3.2.5.jar;C:\Users\satinder\.m2\repository\org\apache\maven\surefire\surefire-extensions-spi\3.2.5\surefire-extensions-spi-3.2.5.jar;C:\Users\satinder\.m2\repository\org\eclipse\aether\aether-util\1.0.0.v20140518\aether-util-1.0.0.v20140518.jar;C:\Users\satinder\.m2\repository\org\eclipse\aether\aether-api\1.0.0.v20140518\aether-api-1.0.0.v20140518.jar;C:\Users\satinder\.m2\repository\org\apache\maven\shared\maven-common-artifact-filters\3.1.1\maven-common-artifact-filters-3.1.1.jar;C:\Users\satinder\.m2\repository\org\apache\maven\maven-artifact\3.1.0\maven-artifact-3.1.0.jar;C:\Users\satinder\.m2\repository\org\codehaus\plexus\plexus-utils\3.0.10\plexus-utils-3.0.10.jar;C:\Users\satinder\.m2\repository\org\apache\maven\maven-core\3.1.0\maven-core-3.1.0.jar;C:\Users\satinder\.m2\repository\org\apache\maven\maven-settings\3.1.0\maven-settings-3.1.0.jar;C:\Users\satinder\.m2\repository\org\apache\maven\maven-settings-builder\3.1.0\maven-settings-builder-3.1.0.jar;C:\Users\satinder\.m2\repository\org\apache\maven\maven-repository-metadata\3.1.0\maven-repository-metadata-3.1.0.jar;C:\Users\satinder\.m2\repository\org\apache\maven\maven-model-builder\3.1.0\maven-model-builder-3.1.0.jar;C:\Users\satinder\.m2\repository\org\apache\maven\maven-aether-provider\3.1.0\maven-aether-provider-3.1.0.jar;C:\Users\satinder\.m2\repository\org\eclipse\aether\aether-spi\0.9.0.M2\aether-spi-0.9.0.M2.jar;C:\Users\satinder\.m2\repository\org\eclipse\aether\aether-impl\0.9.0.M2\aether-impl-0.9.0.M2.jar;C:\Users\satinder\.m2\repository\org\eclipse\sisu\org.eclipse.sisu.plexus\0.0.0.M2a\org.eclipse.sisu.plexus-0.0.0.M2a.jar;C:\Users\satinder\.m2\repository\javax\enterprise\cdi-api\1.0\cdi-api-1.0.jar;C:\Users\satinder\.m2\repository\javax\annotation\jsr250-api\1.0\jsr250-api-1.0.jar;C:\Users\satinder\.m2\repository\javax\inject\javax.inject\1\javax.inject-1.jar;C:\Users\satinder\.m2\repository\org\sonatype\sisu\sisu-guice\3.1.0\sisu-guice-3.1.0-no_aop.jar;C:\Users\satinder\.m2\repository\aopalliance\aopalliance\1.0\aopalliance-1.0.jar;C:\Users\satinder\.m2\repository\org\eclipse\sisu\org.eclipse.sisu.inject\0.0.0.M2a\org.eclipse.sisu.inject-0.0.0.M2a.jar;C:\Users\satinder\.m2\repository\asm\asm\3.3.1\asm-3.3.1.jar;C:\Users\satinder\.m2\repository\org\codehaus\plexus\plexus-interpolation\1.16\plexus-interpolation-1.16.jar;C:\Users\satinder\.m2\repository\org\codehaus\plexus\plexus-classworlds\2.4.2\plexus-classworlds-2.4.2.jar;C:\Users\satinder\.m2\repository\org\codehaus\plexus\plexus-component-annotations\1.5.5\plexus-component-annotations-1.5.5.jar;C:\Users\satinder\.m2\repository\org\sonatype\plexus\plexus-sec-dispatcher\1.3\plexus-sec-dispatcher-1.3.jar;C:\Users\satinder\.m2\repository\org\sonatype\plexus\plexus-cipher\1.4\plexus-cipher-1.4.jar;C:\Users\satinder\.m2\repository\org\apache\maven\maven-plugin-api\3.1.0\maven-plugin-api-3.1.0.jar;C:\Users\satinder\.m2\repository\org\codehaus\plexus\plexus-java\1.2.0\plexus-java-1.2.0.jar;C:\Users\satinder\.m2\repository\org\ow2\asm\asm\9.6\asm-9.6.jar;C:\Users\satinder\.m2\repository\com\thoughtworks\qdox\qdox\2.0.3\qdox-2.0.3.jar;C:\Users\satinder\.m2\repository\org\apache\maven\surefire\surefire-shared-utils\3.2.5\surefire-shared-utils-3.2.5.jar;"/>
    <property name="java.vm.vendor" value="Eclipse Adoptium"/>
    <property name="sun.arch.data.model" value="64"/>
    <property name="user.variant" value=""/>
    <property name="java.vendor.url" value="https://adoptium.net/"/>
    <property name="user.timezone" value="Asia/Calcutta"/>
    <property name="os.name" value="Windows 10"/>
    <property name="java.vm.specification.version" value="21"/>
    <property name="sun.java.launcher" value="SUN_STANDARD"/>
    <property name="user.country" value="IN"/>
    <property name="sun.boot.library.path" value="C:\Users\satinder\.p2\pool\plugins\org.eclipse.justj.openjdk.hotspot.jre.full.win32.x86_64_21.0.1.v20231028-0937\jre\bin"/>
    <property name="sun.java.command" value="C:\Users\satinder\AppData\Local\Temp\surefire3882677796882868949\surefirebooter-20240603115357202_3.jar C:\Users\satinder\AppData\Local\Temp\surefire3882677796882868949 2024-06-03T11-53-56_523-jvmRun1 surefire-20240603115357202_1tmp surefire_0-20240603115357202_2tmp"/>
    <property name="jdk.debug" value="release"/>
    <property name="surefire.test.class.path" value="C:\Users\satinder\eclipse-workspace\TVSRacingdemo\target\test-classes;C:\Users\satinder\eclipse-workspace\TVSRacingdemo\target\classes;C:\Users\satinder\.m2\repository\io\cucumber\cucumber-java\7.17.0\cucumber-java-7.17.0.jar;C:\Users\satinder\.m2\repository\io\cucumber\cucumber-core\7.17.0\cucumber-core-7.17.0.jar;C:\Users\satinder\.m2\repository\io\cucumber\cucumber-gherkin\7.17.0\cucumber-gherkin-7.17.0.jar;C:\Users\satinder\.m2\repository\io\cucumber\cucumber-gherkin-messages\7.17.0\cucumber-gherkin-messages-7.17.0.jar;C:\Users\satinder\.m2\repository\io\cucumber\gherkin\28.0.0\gherkin-28.0.0.jar;C:\Users\satinder\.m2\repository\io\cucumber\messages\24.1.0\messages-24.1.0.jar;C:\Users\satinder\.m2\repository\io\cucumber\testng-xml-formatter\0.1.0\testng-xml-formatter-0.1.0.jar;C:\Users\satinder\.m2\repository\io\cucumber\query\12.1.2\query-12.1.2.jar;C:\Users\satinder\.m2\repository\io\cucumber\tag-expressions\6.1.0\tag-expressions-6.1.0.jar;C:\Users\satinder\.m2\repository\io\cucumber\cucumber-expressions\17.1.0\cucumber-expressions-17.1.0.jar;C:\Users\satinder\.m2\repository\io\cucumber\datatable\7.17.0\datatable-7.17.0.jar;C:\Users\satinder\.m2\repository\io\cucumber\cucumber-plugin\7.17.0\cucumber-plugin-7.17.0.jar;C:\Users\satinder\.m2\repository\io\cucumber\docstring\7.17.0\docstring-7.17.0.jar;C:\Users\satinder\.m2\repository\io\cucumber\html-formatter\21.3.1\html-formatter-21.3.1.jar;C:\Users\satinder\.m2\repository\io\cucumber\junit-xml-formatter\0.4.0\junit-xml-formatter-0.4.0.jar;C:\Users\satinder\.m2\repository\io\cucumber\ci-environment\10.0.1\ci-environment-10.0.1.jar;C:\Users\satinder\.m2\repository\org\apiguardian\apiguardian-api\1.1.2\apiguardian-api-1.1.2.jar;C:\Users\satinder\.m2\repository\org\junit\jupiter\junit-jupiter-api\5.10.1\junit-jupiter-api-5.10.1.jar;C:\Users\satinder\.m2\repository\org\opentest4j\opentest4j\1.3.0\opentest4j-1.3.0.jar;C:\Users\satinder\.m2\repository\org\junit\platform\junit-platform-commons\1.10.1\junit-platform-commons-1.10.1.jar;C:\Users\satinder\.m2\repository\org\slf4j\log4j-over-slf4j\2.0.13\log4j-over-slf4j-2.0.13.jar;C:\Users\satinder\.m2\repository\org\slf4j\slf4j-api\2.0.13\slf4j-api-2.0.13.jar;C:\Users\satinder\.m2\repository\io\cucumber\cucumber-junit\7.17.0\cucumber-junit-7.17.0.jar;C:\Users\satinder\.m2\repository\junit\junit\4.13.2\junit-4.13.2.jar;C:\Users\satinder\.m2\repository\org\hamcrest\hamcrest-core\1.3\hamcrest-core-1.3.jar;C:\Users\satinder\.m2\repository\org\seleniumhq\selenium\selenium-java\3.141.59\selenium-java-3.141.59.jar;C:\Users\satinder\.m2\repository\org\seleniumhq\selenium\selenium-api\3.141.59\selenium-api-3.141.59.jar;C:\Users\satinder\.m2\repository\org\seleniumhq\selenium\selenium-chrome-driver\3.141.59\selenium-chrome-driver-3.141.59.jar;C:\Users\satinder\.m2\repository\org\seleniumhq\selenium\selenium-edge-driver\3.141.59\selenium-edge-driver-3.141.59.jar;C:\Users\satinder\.m2\repository\org\seleniumhq\selenium\selenium-firefox-driver\3.141.59\selenium-firefox-driver-3.141.59.jar;C:\Users\satinder\.m2\repository\org\seleniumhq\selenium\selenium-ie-driver\3.141.59\selenium-ie-driver-3.141.59.jar;C:\Users\satinder\.m2\repository\org\seleniumhq\selenium\selenium-opera-driver\3.141.59\selenium-opera-driver-3.141.59.jar;C:\Users\satinder\.m2\repository\org\seleniumhq\selenium\selenium-remote-driver\3.141.59\selenium-remote-driver-3.141.59.jar;C:\Users\satinder\.m2\repository\org\seleniumhq\selenium\selenium-safari-driver\3.141.59\selenium-safari-driver-3.141.59.jar;C:\Users\satinder\.m2\repository\org\seleniumhq\selenium\selenium-support\3.141.59\selenium-support-3.141.59.jar;C:\Users\satinder\.m2\repository\net\bytebuddy\byte-buddy\1.8.15\byte-buddy-1.8.15.jar;C:\Users\satinder\.m2\repository\org\apache\commons\commons-exec\1.3\commons-exec-1.3.jar;C:\Users\satinder\.m2\repository\com\google\guava\guava\25.0-jre\guava-25.0-jre.jar;C:\Users\satinder\.m2\repository\com\google\code\findbugs\jsr305\1.3.9\jsr305-1.3.9.jar;C:\Users\satinder\.m2\repository\org\checkerframework\checker-compat-qual\2.0.0\checker-compat-qual-2.0.0.jar;C:\Users\satinder\.m2\repository\com\google\errorprone\error_prone_annotations\2.1.3\error_prone_annotations-2.1.3.jar;C:\Users\satinder\.m2\repository\com\google\j2objc\j2objc-annotations\1.1\j2objc-annotations-1.1.jar;C:\Users\satinder\.m2\repository\org\codehaus\mojo\animal-sniffer-annotations\1.14\animal-sniffer-annotations-1.14.jar;C:\Users\satinder\.m2\repository\com\squareup\okhttp3\okhttp\3.11.0\okhttp-3.11.0.jar;C:\Users\satinder\.m2\repository\com\squareup\okio\okio\1.14.0\okio-1.14.0.jar;C:\Users\satinder\.m2\repository\net\masterthought\cucumber-reporting\5.8.0\cucumber-reporting-5.8.0.jar;C:\Users\satinder\.m2\repository\com\fasterxml\jackson\core\jackson-databind\2.16.1\jackson-databind-2.16.1.jar;C:\Users\satinder\.m2\repository\com\fasterxml\jackson\core\jackson-annotations\2.16.1\jackson-annotations-2.16.1.jar;C:\Users\satinder\.m2\repository\com\fasterxml\jackson\core\jackson-core\2.16.1\jackson-core-2.16.1.jar;C:\Users\satinder\.m2\repository\com\fasterxml\jackson\datatype\jackson-datatype-jsr310\2.16.1\jackson-datatype-jsr310-2.16.1.jar;C:\Users\satinder\.m2\repository\org\apache\velocity\velocity-engine-core\2.3\velocity-engine-core-2.3.jar;C:\Users\satinder\.m2\repository\joda-time\joda-time\2.12.6\joda-time-2.12.6.jar;C:\Users\satinder\.m2\repository\org\apache\commons\commons-configuration2\2.9.0\commons-configuration2-2.9.0.jar;C:\Users\satinder\.m2\repository\org\apache\commons\commons-lang3\3.14.0\commons-lang3-3.14.0.jar;C:\Users\satinder\.m2\repository\commons-io\commons-io\2.15.1\commons-io-2.15.1.jar;C:\Users\satinder\.m2\repository\org\apache\commons\commons-text\1.11.0\commons-text-1.11.0.jar;C:\Users\satinder\.m2\repository\org\jsoup\jsoup\1.17.2\jsoup-1.17.2.jar;C:\Users\satinder\.m2\repository\com\googlecode\owasp-java-html-sanitizer\owasp-java-html-sanitizer\20220608.1\owasp-java-html-sanitizer-20220608.1.jar;C:\Users\satinder\.m2\repository\org\slf4j\jcl-over-slf4j\2.0.11\jcl-over-slf4j-2.0.11.jar;C:\Users\satinder\.m2\repository\io\qameta\allure\allure-testng\2.17.3\allure-testng-2.17.3.jar;C:\Users\satinder\.m2\repository\io\qameta\allure\allure-java-commons\2.17.3\allure-java-commons-2.17.3.jar;C:\Users\satinder\.m2\repository\io\qameta\allure\allure-model\2.17.3\allure-model-2.17.3.jar;C:\Users\satinder\.m2\repository\org\testng\testng\6.14.3\testng-6.14.3.jar;C:\Users\satinder\.m2\repository\com\beust\jcommander\1.72\jcommander-1.72.jar;C:\Users\satinder\.m2\repository\org\apache-extras\beanshell\bsh\2.0b6\bsh-2.0b6.jar;C:\Users\satinder\.m2\repository\io\qameta\allure\allure-test-filter\2.17.3\allure-test-filter-2.17.3.jar;C:\Users\satinder\.m2\repository\org\apache\maven\plugins\maven-surefire-plugin\3.2.5\maven-surefire-plugin-3.2.5.jar;C:\Users\satinder\.m2\repository\org\apache\maven\surefire\maven-surefire-common\3.2.5\maven-surefire-common-3.2.5.jar;C:\Users\satinder\.m2\repository\org\apache\maven\surefire\surefire-api\3.2.5\surefire-api-3.2.5.jar;C:\Users\satinder\.m2\repository\org\apache\maven\surefire\surefire-logger-api\3.2.5\surefire-logger-api-3.2.5.jar;C:\Users\satinder\.m2\repository\org\apache\maven\surefire\surefire-extensions-api\3.2.5\surefire-extensions-api-3.2.5.jar;C:\Users\satinder\.m2\repository\org\apache\maven\surefire\surefire-booter\3.2.5\surefire-booter-3.2.5.jar;C:\Users\satinder\.m2\repository\org\apache\maven\surefire\surefire-extensions-spi\3.2.5\surefire-extensions-spi-3.2.5.jar;C:\Users\satinder\.m2\repository\org\eclipse\aether\aether-util\1.0.0.v20140518\aether-util-1.0.0.v20140518.jar;C:\Users\satinder\.m2\repository\org\eclipse\aether\aether-api\1.0.0.v20140518\aether-api-1.0.0.v20140518.jar;C:\Users\satinder\.m2\repository\org\apache\maven\shared\maven-common-artifact-filters\3.1.1\maven-common-artifact-filters-3.1.1.jar;C:\Users\satinder\.m2\repository\org\apache\maven\maven-artifact\3.1.0\maven-artifact-3.1.0.jar;C:\Users\satinder\.m2\repository\org\codehaus\plexus\plexus-utils\3.0.10\plexus-utils-3.0.10.jar;C:\Users\satinder\.m2\repository\org\apache\maven\maven-core\3.1.0\maven-core-3.1.0.jar;C:\Users\satinder\.m2\repository\org\apache\maven\maven-settings\3.1.0\maven-settings-3.1.0.jar;C:\Users\satinder\.m2\repository\org\apache\maven\maven-settings-builder\3.1.0\maven-settings-builder-3.1.0.jar;C:\Users\satinder\.m2\repository\org\apache\maven\maven-repository-metadata\3.1.0\maven-repository-metadata-3.1.0.jar;C:\Users\satinder\.m2\repository\org\apache\maven\maven-model-builder\3.1.0\maven-model-builder-3.1.0.jar;C:\Users\satinder\.m2\repository\org\apache\maven\maven-aether-provider\3.1.0\maven-aether-provider-3.1.0.jar;C:\Users\satinder\.m2\repository\org\eclipse\aether\aether-spi\0.9.0.M2\aether-spi-0.9.0.M2.jar;C:\Users\satinder\.m2\repository\org\eclipse\aether\aether-impl\0.9.0.M2\aether-impl-0.9.0.M2.jar;C:\Users\satinder\.m2\repository\org\eclipse\sisu\org.eclipse.sisu.plexus\0.0.0.M2a\org.eclipse.sisu.plexus-0.0.0.M2a.jar;C:\Users\satinder\.m2\repository\javax\enterprise\cdi-api\1.0\cdi-api-1.0.jar;C:\Users\satinder\.m2\repository\javax\annotation\jsr250-api\1.0\jsr250-api-1.0.jar;C:\Users\satinder\.m2\repository\javax\inject\javax.inject\1\javax.inject-1.jar;C:\Users\satinder\.m2\repository\org\sonatype\sisu\sisu-guice\3.1.0\sisu-guice-3.1.0-no_aop.jar;C:\Users\satinder\.m2\repository\aopalliance\aopalliance\1.0\aopalliance-1.0.jar;C:\Users\satinder\.m2\repository\org\eclipse\sisu\org.eclipse.sisu.inject\0.0.0.M2a\org.eclipse.sisu.inject-0.0.0.M2a.jar;C:\Users\satinder\.m2\repository\asm\asm\3.3.1\asm-3.3.1.jar;C:\Users\satinder\.m2\repository\org\codehaus\plexus\plexus-interpolation\1.16\plexus-interpolation-1.16.jar;C:\Users\satinder\.m2\repository\org\codehaus\plexus\plexus-classworlds\2.4.2\plexus-classworlds-2.4.2.jar;C:\Users\satinder\.m2\repository\org\codehaus\plexus\plexus-component-annotations\1.5.5\plexus-component-annotations-1.5.5.jar;C:\Users\satinder\.m2\repository\org\sonatype\plexus\plexus-sec-dispatcher\1.3\plexus-sec-dispatcher-1.3.jar;C:\Users\satinder\.m2\repository\org\sonatype\plexus\plexus-cipher\1.4\plexus-cipher-1.4.jar;C:\Users\satinder\.m2\repository\org\apache\maven\maven-plugin-api\3.1.0\maven-plugin-api-3.1.0.jar;C:\Users\satinder\.m2\repository\org\codehaus\plexus\plexus-java\1.2.0\plexus-java-1.2.0.jar;C:\Users\satinder\.m2\repository\org\ow2\asm\asm\9.6\asm-9.6.jar;C:\Users\satinder\.m2\repository\com\thoughtworks\qdox\qdox\2.0.3\qdox-2.0.3.jar;C:\Users\satinder\.m2\repository\org\apache\maven\surefire\surefire-shared-utils\3.2.5\surefire-shared-utils-3.2.5.jar;"/>
    <property name="sun.cpu.endian" value="little"/>
    <property name="user.home" value="C:\Users\satinder"/>
    <property name="user.language" value="en"/>
    <property name="java.specification.vendor" value="Oracle Corporation"/>
    <property name="java.version.date" value="2023-10-17"/>
    <property name="java.home" value="C:\Users\satinder\.p2\pool\plugins\org.eclipse.justj.openjdk.hotspot.jre.full.win32.x86_64_21.0.1.v20231028-0937\jre"/>
    <property name="file.separator" value="\"/>
    <property name="basedir" value="C:\Users\satinder\eclipse-workspace\TVSRacingdemo"/>
    <property name="style.color" value="always"/>
    <property name="java.vm.compressedOopsMode" value="32-bit"/>
    <property name="line.separator" value="&#10;"/>
    <property name="java.vm.specification.vendor" value="Oracle Corporation"/>
    <property name="java.specification.name" value="Java Platform API Specification"/>
    <property name="surefire.real.class.path" value="C:\Users\satinder\AppData\Local\Temp\surefire3882677796882868949\surefirebooter-20240603115357202_3.jar"/>
    <property name="user.script" value=""/>
    <property name="sun.management.compiler" value="HotSpot 64-Bit Tiered Compilers"/>
    <property name="java.runtime.version" value="21.0.1+12-LTS"/>
    <property name="user.name" value="satinder"/>
    <property name="stdout.encoding" value="Cp1252"/>
    <property name="path.separator" value=";"/>
    <property name="os.version" value="10.0"/>
    <property name="java.runtime.name" value="OpenJDK Runtime Environment"/>
    <property name="file.encoding" value="UTF-8"/>
    <property name="java.vm.name" value="OpenJDK 64-Bit Server VM"/>
    <property name="java.vendor.version" value="Temurin-21.0.1+12"/>
    <property name="localRepository" value="C:\Users\satinder\.m2\repository"/>
    <property name="java.vendor.url.bug" value="https://github.com/adoptium/adoptium-support/issues"/>
    <property name="java.io.tmpdir" value="C:\Users\satinder\AppData\Local\Temp\"/>
    <property name="java.version" value="21.0.1"/>
    <property name="user.dir" value="C:\Users\satinder\eclipse-workspace\TVSRacingdemo"/>
    <property name="os.arch" value="amd64"/>
    <property name="java.vm.specification.name" value="Java Virtual Machine Specification"/>
    <property name="sun.os.patch.level" value=""/>
    <property name="native.encoding" value="Cp1252"/>
    <property name="java.library.path" value="C:\Users\satinder\.p2\pool\plugins\org.eclipse.justj.openjdk.hotspot.jre.full.win32.x86_64_21.0.1.v20231028-0937\jre\bin;C:\Windows\Sun\Java\bin;C:\Windows\system32;C:\Windows;C:/Users/satinder/.p2/pool/plugins/org.eclipse.justj.openjdk.hotspot.jre.full.win32.x86_64_21.0.1.v20231028-0937/jre/bin/server;C:/Users/satinder/.p2/pool/plugins/org.eclipse.justj.openjdk.hotspot.jre.full.win32.x86_64_21.0.1.v20231028-0937/jre/bin;C:\Windows\system32;C:\Windows;C:\Windows\System32\Wbem;C:\Windows\System32\WindowsPowerShell\v1.0\;C:\Windows\System32\OpenSSH\;C:\Program Files\Java\jre-1.8\BIN;C:\apache-maven-3.9.6\BIN;C:\Program Files\Java\jdk-1.8\BIN;C:\Users\satinder\AppData\Local\Microsoft\WindowsApps;C:\Program Files\JetBrains\IntelliJ IDEA 2023.1\bin;;C:\Users\satinder\chromedriver;;C:\Users\satinder\Desktop;;."/>
    <property name="java.vm.info" value="mixed mode"/>
    <property name="stderr.encoding" value="Cp1252"/>
    <property name="java.vendor" value="Eclipse Adoptium"/>
    <property name="java.vm.version" value="21.0.1+12-LTS"/>
    <property name="sun.io.unicode.encoding" value="UnicodeLittle"/>
    <property name="java.class.version" value="65.0"/>
  </properties>
  <testcase name="Check the contact us page functionalities are working as expected for all the programs" classname="To check the contact us page functionalities" time="93.481">
    <system-out><![CDATA[
Scenario: Check the contact us page functionalities are working as expected for all the programs               # src/test/resources/Feature/Contactus.feature:3
  Given User is on the contact us page                                                                         # stepDefinitions.TVSRegistration.user_is_on_the_contact_us_page()
  When User fills up the form                                                                                  # stepDefinitions.TVSRegistration.user_fills_up_the_form()
  And click on Get started button                                                                              # stepDefinitions.TVSRegistration.click_on_get_started_button()
  Then USer should navigate to the payment page and able to complete the registration for the specific program # stepDefinitions.TVSRegistration.u_ser_should_navigate_to_the_payment_page_and_able_to_complete_the_registration_for_the_specific_program()
  And comes back on the home page                                                                              # stepDefinitions.TVSRegistration.comes_back_on_the_home_page()
]]></system-out>
    <system-err><![CDATA[Starting ChromeDriver 124.0.6367.78 (a087f2dd364ddd58b9c016ef1bf563d2bc138711-refs/branch-heads/6367@{#954}) on port 45535
Only local connections are allowed.
Please see https://chromedriver.chromium.org/security-considerations for suggestions on keeping ChromeDriver safe.
ChromeDriver was started successfully.
[1717395846.735][WARNING]: This version of ChromeDriver has not been tested with Chrome version 125.
Jun 03, 2024 11:54:07 AM org.openqa.selenium.remote.ProtocolHandshake createSession
INFO: Detected dialect: W3C
]]></system-err>
  </testcase>
  <testcase name="To test the supercross championship page functionalities" classname="To test the race format page functionalities of the racing website" time="57.779">
    <system-out><![CDATA[
Scenario: To test the supercross championship page functionalities                           # src/test/resources/Feature/Raceformat.feature:6
  Given I am on the supercross championship page                                             # stepDefinitions.raceformat.i_am_on_the_supercross_championship_page()
  When I scroll down and use the carousel and teams functionalities                          # stepDefinitions.raceformat.i_scroll_down_and_use_the_carousel_and_teams_functionalities()
caraousel is working successfully
  Then User should be able to navigate through it seamlessly and able to scroll down further # stepDefinitions.raceformat.user_should_be_able_to_navigate_through_it_seamlessly_and_able_to_scroll_down_further()
]]></system-out>
    <system-err><![CDATA[Starting ChromeDriver 124.0.6367.78 (a087f2dd364ddd58b9c016ef1bf563d2bc138711-refs/branch-heads/6367@{#954}) on port 18453
Only local connections are allowed.
Please see https://chromedriver.chromium.org/security-considerations for suggestions on keeping ChromeDriver safe.
ChromeDriver was started successfully.
[1717395940.957][WARNING]: This version of ChromeDriver has not been tested with Chrome version 125.
Jun 03, 2024 11:55:41 AM org.openqa.selenium.remote.ProtocolHandshake createSession
INFO: Detected dialect: W3C
]]></system-err>
  </testcase>
  <testcase name="To verify that the home page functionalities are working fine till upcoming races section" classname="Verify the home page functionalities" time="29.811">
    <system-out><![CDATA[
Scenario: To verify that the home page functionalities are working fine till upcoming races section # src/test/resources/Feature/home.feature:6
  Given I am on the tvs racing site                                                                 # stepDefinitions.homepagefunctions.i_am_on_the_tvs_racing_site()
  When I scroll down and check the functionalities                                                  # stepDefinitions.homepagefunctions.i_scroll_down_and_check_the_functionalities()
  And User clicks on the upcoming races dropdown                                                    # stepDefinitions.homepagefunctions.user_clicks_on_the_upcoming_races_dropdown()
user is able to see the upcoming races
  Then user should be able to navigate through it seamlessly                                        # stepDefinitions.homepagefunctions.user_should_be_able_to_navigate_through_it_seamlessly()
]]></system-out>
    <system-err><![CDATA[Starting ChromeDriver 124.0.6367.78 (a087f2dd364ddd58b9c016ef1bf563d2bc138711-refs/branch-heads/6367@{#954}) on port 13298
Only local connections are allowed.
Please see https://chromedriver.chromium.org/security-considerations for suggestions on keeping ChromeDriver safe.
ChromeDriver was started successfully.
[1717395997.193][WARNING]: This version of ChromeDriver has not been tested with Chrome version 125.
Jun 03, 2024 11:56:37 AM org.openqa.selenium.remote.ProtocolHandshake createSession
INFO: Detected dialect: W3C
]]></system-err>
  </testcase>
  <testcase name="Verify the Kidzania page functionalities" classname="Kidzania" time="50.648">
    <system-out><![CDATA[
Scenario: Verify the Kidzania page functionalities # src/test/resources/Feature/kidzania.feature:3
  Given I am on Kidzania page                      # stepDefinitions.Kidzaniapage.i_am_on_kidzania_page()
  When I navigate through the page                 # stepDefinitions.Kidzaniapage.i_navigate_through_the_page()
  Then I will be able to use its functionalities   # stepDefinitions.Kidzaniapage.i_will_be_able_to_use_its_functionalities()
]]></system-out>
    <system-err><![CDATA[Starting ChromeDriver 124.0.6367.78 (a087f2dd364ddd58b9c016ef1bf563d2bc138711-refs/branch-heads/6367@{#954}) on port 47959
Only local connections are allowed.
Please see https://chromedriver.chromium.org/security-considerations for suggestions on keeping ChromeDriver safe.
ChromeDriver was started successfully.
[1717396025.873][WARNING]: This version of ChromeDriver has not been tested with Chrome version 125.
Jun 03, 2024 11:57:06 AM org.openqa.selenium.remote.ProtocolHandshake createSession
INFO: Detected dialect: W3C
]]></system-err>
  </testcase>
</testsuite>